#
# There is insufficient memory for the Java Runtime Environment to continue.
# Native memory allocation (mmap) failed to map 132120576 bytes for G1 virtual space
# Possible reasons:
#   The system is out of physical RAM or swap space
#   The process is running with CompressedOops enabled, and the Java Heap may be blocking the growth of the native heap
# Possible solutions:
#   Reduce memory load on the system
#   Increase physical memory or swap space
#   Check if swap backing store is full
#   Decrease Java heap size (-Xmx/-Xms)
#   Decrease number of Java threads
#   Decrease Java thread stack sizes (-Xss)
#   Set larger code cache with -XX:ReservedCodeCacheSize=
#   JVM is running with Unscaled Compressed Oops mode in which the Java heap is
#     placed in the first 4GB address space. The Java Heap base address is the
#     maximum limit for the native heap growth. Please use -XX:HeapBaseMinAddress
#     to set the Java Heap base and to place the Java Heap above 4GB virtual address.
# This output file may be truncated or incomplete.
#
#  Out of Memory Error (os_windows.cpp:3469), pid=10504, tid=15820
#
# JRE version:  (17.0.1+12) (build )
# Java VM: Java HotSpot(TM) 64-Bit Server VM (17.0.1+12-LTS-39, mixed mode, sharing, tiered, compressed oops, compressed class ptrs, g1 gc, windows-amd64)
# No core dump will be written. Minidumps are not enabled by default on client versions of Windows
#

---------------  S U M M A R Y ------------

Command Line: C:\Users\LENOVO\AppData\Local\Temp\surefire18095120985083740631\surefirebooter-20250806165634372_3.jar C:\Users\LENOVO\AppData\Local\Temp\surefire18095120985083740631 2025-08-06T16-56-34_136-jvmRun1 surefire-20250806165634372_1tmp surefire_0-20250806165634372_2tmp

Host: 11th Gen Intel(R) Core(TM) i3-1115G4 @ 3.00GHz, 4 cores, 7G,  Windows 10 , 64 bit Build 26100 (10.0.26100.4484)
Time: Wed Aug  6 16:56:34 2025 India Standard Time elapsed time: 0.282186 seconds (0d 0h 0m 0s)

---------------  T H R E A D  ---------------

Current thread (0x0000020117472df0):  JavaThread "Unknown thread" [_thread_in_vm, id=15820, stack(0x0000000fbf900000,0x0000000fbfa00000)]

Stack: [0x0000000fbf900000,0x0000000fbfa00000]
Native frames: (J=compiled Java code, j=interpreted, Vv=VM code, C=native code)
V  [jvm.dll+0x66fa1a]
V  [jvm.dll+0x7ce5a4]
V  [jvm.dll+0x7cfd4e]
V  [jvm.dll+0x7d03b3]
V  [jvm.dll+0x242b05]
V  [jvm.dll+0x66ca39]
V  [jvm.dll+0x661502]
V  [jvm.dll+0x30081b]
V  [jvm.dll+0x307da6]
V  [jvm.dll+0x357a1e]
V  [jvm.dll+0x357c4f]
V  [jvm.dll+0x2d7ad8]
V  [jvm.dll+0x2d8a44]
V  [jvm.dll+0x7a01e1]
V  [jvm.dll+0x365791]
V  [jvm.dll+0x77f6cc]
V  [jvm.dll+0x3e812f]
V  [jvm.dll+0x3e9bd1]
C  [jli.dll+0x527b]
C  [ucrtbase.dll+0x37b0]
C  [KERNEL32.DLL+0x2e8d7]
C  [ntdll.dll+0x3c34c]


---------------  P R O C E S S  ---------------

Threads class SMR info:
_java_thread_list=0x00007ff82d0d7818, length=0, elements={
}

Java Threads: ( => current thread )

Other Threads:
  0x00000201174b1b60 GCTaskThread "GC Thread#0" [stack: 0x0000000fbfa00000,0x0000000fbfb00000] [id=18064]
  0x00000201174c2fd0 ConcurrentGCThread "G1 Main Marker" [stack: 0x0000000fbfb00000,0x0000000fbfc00000] [id=17144]
  0x00000201174c57b0 ConcurrentGCThread "G1 Conc#0" [stack: 0x0000000fbfc00000,0x0000000fbfd00000] [id=17288]

[error occurred during error reporting (printing all threads), id 0xc0000005, EXCEPTION_ACCESS_VIOLATION (0xc0000005) at pc=0x00007ff82c9284b7]

VM state: not at safepoint (not fully initialized)

VM Mutex/Monitor currently owned by a thread:  ([mutex/lock_event])
[0x000002011746dbe0] Heap_lock - owner thread: 0x0000020117472df0

Heap address: 0x0000000083600000, size: 1994 MB, Compressed Oops mode: 32-bit

CDS archive(s) mapped at: [0x0000000000000000-0x0000000000000000-0x0000000000000000), size 0, SharedBaseAddress: 0x0000000800000000, ArchiveRelocationMode: 0.
Narrow klass base: 0x0000000000000000, Narrow klass shift: 0, Narrow klass range: 0x0

GC Precious Log:
<Empty>

Heap:
 garbage-first heap   total 0K, used 0K [0x0000000083600000, 0x0000000100000000)
  region size 1024K, 0 young (0K), 0 survivors (0K)

[error occurred during error reporting (printing heap information), id 0xc0000005, EXCEPTION_ACCESS_VIOLATION (0xc0000005) at pc=0x00007ff82cd08d89]

GC Heap History (0 events):
No events

Deoptimization events (0 events):
No events

Classes unloaded (0 events):
No events

Classes redefined (0 events):
No events

Internal exceptions (0 events):
No events

VM Operations (0 events):
No events

Events (1 events):
Event: 0.006 Loaded shared library C:\Program Files\Java\jdk-17.0.1\bin\java.dll


Dynamic libraries:
0x00007ff7397b0000 - 0x00007ff7397c0000 	C:\Program Files\Java\jdk-17.0.1\bin\java.exe
0x00007ff8bd6a0000 - 0x00007ff8bd908000 	C:\WINDOWS\SYSTEM32\ntdll.dll
0x00007ff8bba00000 - 0x00007ff8bbac9000 	C:\WINDOWS\System32\KERNEL32.DLL
0x00007ff8ba7f0000 - 0x00007ff8babdd000 	C:\WINDOWS\System32\KERNELBASE.dll
0x00007ff8bb2f0000 - 0x00007ff8bb43b000 	C:\WINDOWS\System32\ucrtbase.dll
0x00007ff8a7b80000 - 0x00007ff8a7b98000 	C:\Program Files\Java\jdk-17.0.1\bin\jli.dll
0x00007ff897ef0000 - 0x00007ff897f0a000 	C:\Program Files\Java\jdk-17.0.1\bin\VCRUNTIME140.dll
0x00007ff8bb440000 - 0x00007ff8bb4f4000 	C:\WINDOWS\System32\ADVAPI32.dll
0x00007ff8bd540000 - 0x00007ff8bd5e9000 	C:\WINDOWS\System32\msvcrt.dll
0x00007ff8bc820000 - 0x00007ff8bc8c6000 	C:\WINDOWS\System32\sechost.dll
0x00007ff8bb8e0000 - 0x00007ff8bb9f8000 	C:\WINDOWS\System32\RPCRT4.dll
0x00007ff8bc620000 - 0x00007ff8bc7ec000 	C:\WINDOWS\System32\USER32.dll
0x00007ff8bafd0000 - 0x00007ff8baff7000 	C:\WINDOWS\System32\win32u.dll
0x00007ff8a4790000 - 0x00007ff8a4a2a000 	C:\WINDOWS\WinSxS\amd64_microsoft.windows.common-controls_6595b64144ccf1df_6.0.26100.4484_none_3e0e6d4ce32ef3b3\COMCTL32.dll
0x00007ff8bc7f0000 - 0x00007ff8bc81b000 	C:\WINDOWS\System32\GDI32.dll
0x00007ff8babe0000 - 0x00007ff8bad17000 	C:\WINDOWS\System32\gdi32full.dll
0x00007ff8bb240000 - 0x00007ff8bb2e3000 	C:\WINDOWS\System32\msvcp_win.dll
0x00007ff8b3790000 - 0x00007ff8b379b000 	C:\WINDOWS\SYSTEM32\VERSION.dll
0x00007ff8bd4f0000 - 0x00007ff8bd51f000 	C:\WINDOWS\System32\IMM32.DLL
0x00007ff8a9fa0000 - 0x00007ff8a9fac000 	C:\Program Files\Java\jdk-17.0.1\bin\vcruntime140_1.dll
0x00007ff861900000 - 0x00007ff86198d000 	C:\Program Files\Java\jdk-17.0.1\bin\msvcp140.dll
0x00007ff82c640000 - 0x00007ff82d1fe000 	C:\Program Files\Java\jdk-17.0.1\bin\server\jvm.dll
0x00007ff8bd270000 - 0x00007ff8bd278000 	C:\WINDOWS\System32\PSAPI.DLL
0x00007ff897bc0000 - 0x00007ff897bca000 	C:\WINDOWS\SYSTEM32\WSOCK32.dll
0x00007ff8b1120000 - 0x00007ff8b1155000 	C:\WINDOWS\SYSTEM32\WINMM.dll
0x00007ff8bd1a0000 - 0x00007ff8bd214000 	C:\WINDOWS\System32\WS2_32.dll
0x00007ff8b9590000 - 0x00007ff8b95ab000 	C:\WINDOWS\SYSTEM32\kernel.appcore.dll
0x00007ff8a3fa0000 - 0x00007ff8a3faa000 	C:\Program Files\Java\jdk-17.0.1\bin\jimage.dll
0x00007ff8b7ee0000 - 0x00007ff8b8121000 	C:\WINDOWS\SYSTEM32\DBGHELP.DLL
0x00007ff8bc8d0000 - 0x00007ff8bcc56000 	C:\WINDOWS\System32\combase.dll
0x00007ff8bb510000 - 0x00007ff8bb5f0000 	C:\WINDOWS\System32\OLEAUT32.dll
0x00007ff8958f0000 - 0x00007ff895933000 	C:\WINDOWS\SYSTEM32\dbgcore.DLL
0x00007ff8baea0000 - 0x00007ff8baf39000 	C:\WINDOWS\System32\bcryptPrimitives.dll
0x00007ff88ae70000 - 0x00007ff88ae95000 	C:\Program Files\Java\jdk-17.0.1\bin\java.dll

dbghelp: loaded successfully - version: 4.0.5 - missing functions: none
symbol engine: initialized successfully - sym options: 0x614 - pdb path: .;C:\Program Files\Java\jdk-17.0.1\bin;C:\WINDOWS\SYSTEM32;C:\WINDOWS\WinSxS\amd64_microsoft.windows.common-controls_6595b64144ccf1df_6.0.26100.4484_none_3e0e6d4ce32ef3b3;C:\Program Files\Java\jdk-17.0.1\bin\server

VM Arguments:
java_command: C:\Users\LENOVO\AppData\Local\Temp\surefire18095120985083740631\surefirebooter-20250806165634372_3.jar C:\Users\LENOVO\AppData\Local\Temp\surefire18095120985083740631 2025-08-06T16-56-34_136-jvmRun1 surefire-20250806165634372_1tmp surefire_0-20250806165634372_2tmp
java_class_path (initial): C:\Users\LENOVO\AppData\Local\Temp\surefire18095120985083740631\surefirebooter-20250806165634372_3.jar
Launcher Type: SUN_STANDARD

[Global flags]
     intx CICompilerCount                          = 3                                         {product} {ergonomic}
     uint ConcGCThreads                            = 1                                         {product} {ergonomic}
     uint G1ConcRefinementThreads                  = 4                                         {product} {ergonomic}
   size_t G1HeapRegionSize                         = 1048576                                   {product} {ergonomic}
    uintx GCDrainStackTargetSize                   = 64                                        {product} {ergonomic}
   size_t InitialHeapSize                          = 132120576                                 {product} {ergonomic}
   size_t MarkStackSize                            = 4194304                                   {product} {ergonomic}
   size_t MaxHeapSize                              = 2090860544                                {product} {ergonomic}
   size_t MinHeapDeltaBytes                        = 1048576                                   {product} {ergonomic}
   size_t MinHeapSize                              = 8388608                                   {product} {ergonomic}
    uintx NonNMethodCodeHeapSize                   = 5832780                                {pd product} {ergonomic}
    uintx NonProfiledCodeHeapSize                  = 122912730                              {pd product} {ergonomic}
    uintx ProfiledCodeHeapSize                     = 122912730                              {pd product} {ergonomic}
    uintx ReservedCodeCacheSize                    = 251658240                              {pd product} {ergonomic}
     bool SegmentedCodeCache                       = true                                      {product} {ergonomic}
   size_t SoftMaxHeapSize                          = 2090860544                             {manageable} {ergonomic}
     bool UseCompressedClassPointers               = true                           {product lp64_product} {ergonomic}
     bool UseCompressedOops                        = true                           {product lp64_product} {ergonomic}
     bool UseG1GC                                  = true                                      {product} {ergonomic}
     bool UseLargePagesIndividualAllocation        = false                                  {pd product} {ergonomic}

Logging:
Log output configuration:
 #0: stdout all=warning uptime,level,tags
 #1: stderr all=off uptime,level,tags

Environment Variables:
JAVA_HOME=C:\Program Files\Java\jdk-17.0.1
PATH=C:\Program Files\Java\jdk-17.0.1\bin;C:\Program Files\Common Files\Oracle\Java\javapath;C:\Program Files\Java\jdk-19;C:\WINDOWS\system32;C:\WINDOWS;C:\WINDOWS\System32\Wbem;C:\WINDOWS\System32\WindowsPowerShell\v1.0\;C:\WINDOWS\System32\OpenSSH\;C:\Program Files\Git\cmd;C:\Program Files (x86)\Microsoft SQL Server\100\Tools\Binn\;C:\Program Files\Microsoft SQL Server\100\Tools\Binn\;C:\Program Files\Microsoft SQL Server\100\DTS\Binn\;C:\xampp\php;D:\bca\exam;C:\Program Files\Microsoft SQL Server\150\Tools\Binn\;C:\MinGW\bin;C:\Program Files (x86)\Bitvise SSH Client;C:\Program Files\Java\jdk-19\bin;C:\Users\LENOVO\AppData\Local\Microsoft\WindowsApps;C:\Program Files\JetBrains\PyCharm Community Edition 2022.3.1\bin;;C:\Users\LENOVO\AppData\Roaming\Composer\vendor\bin;C:\Users\LENOVO\AppData\Local\Programs\Microsoft VS Code\bin;C:\Program Files\JetBrains\IntelliJ IDEA 2024.3.1.1\bin;;C:\Users\LENOVO\AppData\Local\Programs\cursor\resources\app\bin
USERNAME=LENOVO
LANG=en_US.UTF-8
OS=Windows_NT
PROCESSOR_IDENTIFIER=Intel64 Family 6 Model 140 Stepping 1, GenuineIntel



---------------  S Y S T E M  ---------------

OS:
 Windows 10 , 64 bit Build 26100 (10.0.26100.4484)
OS uptime: 5 days 2:25 hours

CPU: total 4 (initial active 4) (2 cores per cpu, 2 threads per core) family 6 model 140 stepping 1 microcode 0xa6, cx8, cmov, fxsr, ht, mmx, 3dnowpref, sse, sse2, sse3, ssse3, sse4.1, sse4.2, popcnt, lzcnt, tsc, tscinvbit, avx, avx2, aes, erms, clmul, bmi1, bmi2, adx, avx512f, avx512dq, avx512cd, avx512bw, avx512vl, sha, fma, vzeroupper, avx512_vpopcntdq, avx512_vpclmulqdq, avx512_vaes, avx512_vnni, clflush, clflushopt, clwb, avx512_vbmi2, avx512_vbmi

Memory: 4k page, system-wide physical 7975M (572M free)
TotalPageFile size 22048M (AvailPageFile size 5M)
current process WorkingSet (physical memory assigned to process): 12M, peak: 12M
current process commit charge ("private bytes"): 52M, peak: 177M

vm_info: Java HotSpot(TM) 64-Bit Server VM (17.0.1+12-LTS-39) for windows-amd64 JRE (17.0.1+12-LTS-39), built on Sep 27 2021 18:41:35 by "mach5one" with MS VC++ 16.8 (VS2019)

END.
